<?xml version="1.0" encoding="UTF-8"?>
<testng-results skipped="0" failed="0" ignored="0" total="1" passed="1">
  <reporter-output>
  </reporter-output>
  <suite name="Default suite" duration-ms="142908" started-at="2018-07-01T21:01:25Z" finished-at="2018-07-01T21:03:47Z">
    <groups>
    </groups>
    <test name="Default test" duration-ms="142908" started-at="2018-07-01T21:01:25Z" finished-at="2018-07-01T21:03:47Z">
      <class name="HeadlessBrowser.phantomJSTest.PhantomJSDriverTest">
        <test-method status="PASS" signature="setup()[pri:0, instance:HeadlessBrowser.phantomJSTest.PhantomJSDriverTest@68999068]" name="setup" is-config="true" duration-ms="81751" started-at="2018-07-01T21:01:25Z" finished-at="2018-07-01T21:02:46Z">
          <reporter-output>
          </reporter-output>
        </test-method> <!-- setup -->
        <test-method status="PASS" signature="YahooTest()[pri:0, instance:HeadlessBrowser.phantomJSTest.PhantomJSDriverTest@68999068]" name="YahooTest" duration-ms="22487" started-at="2018-07-01T21:02:49Z" finished-at="2018-07-01T21:03:11Z">
          <reporter-output>
          </reporter-output>
        </test-method> <!-- YahooTest -->
        <test-method status="PASS" signature="tearDown()[pri:0, instance:HeadlessBrowser.phantomJSTest.PhantomJSDriverTest@68999068]" name="tearDown" is-config="true" duration-ms="36223" started-at="2018-07-01T21:03:11Z" finished-at="2018-07-01T21:03:47Z">
          <reporter-output>
          </reporter-output>
        </test-method> <!-- tearDown -->
      </class> <!-- HeadlessBrowser.phantomJSTest.PhantomJSDriverTest -->
    </test> <!-- Default test -->
  </suite> <!-- Default suite -->
</testng-results>
